The system is: Windows - 10.0.19041 - AMD64
Compiling the C compiler identification source file "CMakeCCompilerId.c" succeeded.
Compiler:  
Build flags: 
Id flags:  

The output was:
0
Microsoft (R) Build Engine version 16.7.0+b89cb5fde pour .NET Framework
Copyright (C) Microsoft Corporation. Tous droits r‚serv‚s.

La g‚n‚ration a d‚marr‚ 21.10.2020 09:32:05.
Projet "C:\Users\fmusi\sae\platformer\CMakeFiles\3.18.2\CompilerIdC\CompilerIdC.vcxproj" sur le noud 1 (cibles par d‚faut).
PrepareForBuild:
  Cr‚ation du r‚pertoire "Debug\".
  Cr‚ation du r‚pertoire "Debug\CompilerIdC.tlog\".
InitializeBuildStatus:
  Cr‚ation de "Debug\CompilerIdC.tlog\unsuccessfulbuild", car "AlwaysCreate" a ‚t‚ sp‚cifi‚.
VcpkgTripletSelection:
  Using triplet "x64-windows" from "C:\Users\fmusi\sae\vcpkg\installed\x64-windows\"
ClCompile:
  C:\Program Files (x86)\Microsoft Visual Studio\2019\Community\VC\Tools\MSVC\14.27.29110\bin\HostX64\x64\CL.exe /c /I"C:\Users\fmusi\sae\vcpkg\installed\x64-windows\include" /nologo /W0 /WX- /diagnostics:column /Od /D _MBCS /Gm- /EHsc /RTC1 /MDd /GS /fp:precise /Zc:wchar_t /Zc:forScope /Zc:inline /Fo"Debug\\" /Fd"Debug\vc142.pdb" /Gd /TC /FC /errorReport:queue CMakeCCompilerId.c
  CMakeCCompilerId.c
Link:
  C:\Program Files (x86)\Microsoft Visual Studio\2019\Community\VC\Tools\MSVC\14.27.29110\bin\HostX64\x64\link.exe /ERRORREPORT:QUEUE /OUT:".\CompilerIdC.exe" /INCREMENTAL:NO /NOLOGO /LIBPATH:"C:\Users\fmusi\sae\vcpkg\installed\x64-windows\debug\lib" /LIBPATH:"C:\Users\fmusi\sae\vcpkg\installed\x64-windows\debug\lib\manual-link" kernel32.lib user32.lib gdi32.lib winspool.lib comdlg32.lib advapi32.lib shell32.lib ole32.lib oleaut32.lib uuid.lib odbc32.lib odbccp32.lib "C:\Users\fmusi\sae\vcpkg\installed\x64-windows\debug\lib\*.lib" /MANIFEST /MANIFESTUAC:"level='asInvoker' uiAccess='false'" /manifest:embed /PDB:".\CompilerIdC.pdb" /SUBSYSTEM:CONSOLE /TLBID:1 /DYNAMICBASE /NXCOMPAT /IMPLIB:".\CompilerIdC.lib" /MACHINE:X64 Debug\CMakeCCompilerId.obj
  CompilerIdC.vcxproj -> C:\Users\fmusi\sae\platformer\CMakeFiles\3.18.2\CompilerIdC\.\CompilerIdC.exe
AppLocalFromInstalled:
  C:\WINDOWS\System32\WindowsPowerShell\v1.0\powershell.exe -ExecutionPolicy Bypass -noprofile -File "C:\Users\fmusi\sae\vcpkg\scripts\buildsystems\msbuild\applocal.ps1" "C:\Users\fmusi\sae\platformer\CMakeFiles\3.18.2\CompilerIdC\.\CompilerIdC.exe" "C:\Users\fmusi\sae\vcpkg\installed\x64-windows\debug\bin" "Debug\CompilerIdC.tlog\CompilerIdC.write.1u.tlog" "Debug\vcpkg.applocal.log"
PostBuildEvent:
  for %%i in (cl.exe) do @echo CMAKE_C_COMPILER=%%~$PATH:i
  :VCEnd
  CMAKE_C_COMPILER=C:\Program Files (x86)\Microsoft Visual Studio\2019\Community\VC\Tools\MSVC\14.27.29110\bin\Hostx64\x64\cl.exe
FinalizeBuildStatus:
  Suppression du fichier "Debug\CompilerIdC.tlog\unsuccessfulbuild".
  Mise … jour de l'horodatage "Debug\CompilerIdC.tlog\CompilerIdC.lastbuildstate".
G‚n‚ration du projet "C:\Users\fmusi\sae\platformer\CMakeFiles\3.18.2\CompilerIdC\CompilerIdC.vcxproj" termin‚e (cibles par d‚faut).

La g‚n‚ration a r‚ussi.
    0 Avertissement(s)
    0 Erreur(s)

Temps ‚coul‚ 00:00:01.86


Compilation of the C compiler identification source "CMakeCCompilerId.c" produced "CompilerIdC.exe"

Compilation of the C compiler identification source "CMakeCCompilerId.c" produced "CompilerIdC.vcxproj"

The C compiler identification is MSVC, found in "C:/Users/fmusi/sae/platformer/CMakeFiles/3.18.2/CompilerIdC/CompilerIdC.exe"

Compiling the CXX compiler identification source file "CMakeCXXCompilerId.cpp" succeeded.
Compiler:  
Build flags: 
Id flags:  

The output was:
0
Microsoft (R) Build Engine version 16.7.0+b89cb5fde pour .NET Framework
Copyright (C) Microsoft Corporation. Tous droits r‚serv‚s.

La g‚n‚ration a d‚marr‚ 21.10.2020 09:32:07.
Projet "C:\Users\fmusi\sae\platformer\CMakeFiles\3.18.2\CompilerIdCXX\CompilerIdCXX.vcxproj" sur le noud 1 (cibles par d‚faut).
PrepareForBuild:
  Cr‚ation du r‚pertoire "Debug\".
  Cr‚ation du r‚pertoire "Debug\CompilerIdCXX.tlog\".
InitializeBuildStatus:
  Cr‚ation de "Debug\CompilerIdCXX.tlog\unsuccessfulbuild", car "AlwaysCreate" a ‚t‚ sp‚cifi‚.
VcpkgTripletSelection:
  Using triplet "x64-windows" from "C:\Users\fmusi\sae\vcpkg\installed\x64-windows\"
ClCompile:
  C:\Program Files (x86)\Microsoft Visual Studio\2019\Community\VC\Tools\MSVC\14.27.29110\bin\HostX64\x64\CL.exe /c /I"C:\Users\fmusi\sae\vcpkg\installed\x64-windows\include" /nologo /W0 /WX- /diagnostics:column /Od /D _MBCS /Gm- /EHsc /RTC1 /MDd /GS /fp:precise /Zc:wchar_t /Zc:forScope /Zc:inline /Fo"Debug\\" /Fd"Debug\vc142.pdb" /Gd /TP /FC /errorReport:queue CMakeCXXCompilerId.cpp
  CMakeCXXCompilerId.cpp
Link:
  C:\Program Files (x86)\Microsoft Visual Studio\2019\Community\VC\Tools\MSVC\14.27.29110\bin\HostX64\x64\link.exe /ERRORREPORT:QUEUE /OUT:".\CompilerIdCXX.exe" /INCREMENTAL:NO /NOLOGO /LIBPATH:"C:\Users\fmusi\sae\vcpkg\installed\x64-windows\debug\lib" /LIBPATH:"C:\Users\fmusi\sae\vcpkg\installed\x64-windows\debug\lib\manual-link" kernel32.lib user32.lib gdi32.lib winspool.lib comdlg32.lib advapi32.lib shell32.lib ole32.lib oleaut32.lib uuid.lib odbc32.lib odbccp32.lib "C:\Users\fmusi\sae\vcpkg\installed\x64-windows\debug\lib\*.lib" /MANIFEST /MANIFESTUAC:"level='asInvoker' uiAccess='false'" /manifest:embed /PDB:".\CompilerIdCXX.pdb" /SUBSYSTEM:CONSOLE /TLBID:1 /DYNAMICBASE /NXCOMPAT /IMPLIB:".\CompilerIdCXX.lib" /MACHINE:X64 Debug\CMakeCXXCompilerId.obj
  CompilerIdCXX.vcxproj -> C:\Users\fmusi\sae\platformer\CMakeFiles\3.18.2\CompilerIdCXX\.\CompilerIdCXX.exe
AppLocalFromInstalled:
  C:\WINDOWS\System32\WindowsPowerShell\v1.0\powershell.exe -ExecutionPolicy Bypass -noprofile -File "C:\Users\fmusi\sae\vcpkg\scripts\buildsystems\msbuild\applocal.ps1" "C:\Users\fmusi\sae\platformer\CMakeFiles\3.18.2\CompilerIdCXX\.\CompilerIdCXX.exe" "C:\Users\fmusi\sae\vcpkg\installed\x64-windows\debug\bin" "Debug\CompilerIdCXX.tlog\CompilerIdCXX.write.1u.tlog" "Debug\vcpkg.applocal.log"
PostBuildEvent:
  for %%i in (cl.exe) do @echo CMAKE_CXX_COMPILER=%%~$PATH:i
  :VCEnd
  CMAKE_CXX_COMPILER=C:\Program Files (x86)\Microsoft Visual Studio\2019\Community\VC\Tools\MSVC\14.27.29110\bin\Hostx64\x64\cl.exe
FinalizeBuildStatus:
  Suppression du fichier "Debug\CompilerIdCXX.tlog\unsuccessfulbuild".
  Mise … jour de l'horodatage "Debug\CompilerIdCXX.tlog\CompilerIdCXX.lastbuildstate".
G‚n‚ration du projet "C:\Users\fmusi\sae\platformer\CMakeFiles\3.18.2\CompilerIdCXX\CompilerIdCXX.vcxproj" termin‚e (cibles par d‚faut).

La g‚n‚ration a r‚ussi.
    0 Avertissement(s)
    0 Erreur(s)

Temps ‚coul‚ 00:00:01.26


Compilation of the CXX compiler identification source "CMakeCXXCompilerId.cpp" produced "CompilerIdCXX.exe"

Compilation of the CXX compiler identification source "CMakeCXXCompilerId.cpp" produced "CompilerIdCXX.vcxproj"

The CXX compiler identification is MSVC, found in "C:/Users/fmusi/sae/platformer/CMakeFiles/3.18.2/CompilerIdCXX/CompilerIdCXX.exe"

Detecting C compiler ABI info compiled with the following output:
Change Dir: C:/Users/fmusi/sae/platformer/CMakeFiles/CMakeTmp

Run Build Command(s):C:/Program Files (x86)/Microsoft Visual Studio/2019/Community/MSBuild/Current/Bin/MSBuild.exe cmTC_9f114.vcxproj /p:Configuration=Debug /p:Platform=x64 /p:VisualStudioVersion=16.0 /v:m && Microsoft (R) Build Engine version 16.7.0+b89cb5fde pour .NET Framework
Copyright (C) Microsoft Corporation. Tous droits r‚serv‚s.

  Compilateur d'optimisation Microsoft (R) C/C++ versionÿ19.27.29112 pour x64
  Copyright (C) Microsoft Corporation. Tous droits r‚serv‚s.
  CMakeCCompilerABI.c
  cl /c /Zi /W1 /WX- /diagnostics:column /Od /Ob0 /D WIN32 /D _WINDOWS /D "CMAKE_INTDIR=\"Debug\"" /D _MBCS /Gm- /RTC1 /MDd /GS /fp:precise /Zc:wchar_t /Zc:forScope /Zc:inline /Fo"cmTC_9f114.dir\Debug\\" /Fd"cmTC_9f114.dir\Debug\vc142.pdb" /Gd /TC /errorReport:queue "C:\Program Files\CMake\share\cmake-3.18\Modules\CMakeCCompilerABI.c"
  cmTC_9f114.vcxproj -> C:\Users\fmusi\sae\platformer\CMakeFiles\CMakeTmp\Debug\cmTC_9f114.exe



Detecting CXX compiler ABI info compiled with the following output:
Change Dir: C:/Users/fmusi/sae/platformer/CMakeFiles/CMakeTmp

Run Build Command(s):C:/Program Files (x86)/Microsoft Visual Studio/2019/Community/MSBuild/Current/Bin/MSBuild.exe cmTC_b722b.vcxproj /p:Configuration=Debug /p:Platform=x64 /p:VisualStudioVersion=16.0 /v:m && Microsoft (R) Build Engine version 16.7.0+b89cb5fde pour .NET Framework
Copyright (C) Microsoft Corporation. Tous droits r‚serv‚s.

  Compilateur d'optimisation Microsoft (R) C/C++ versionÿ19.27.29112 pour x64
  Copyright (C) Microsoft Corporation. Tous droits r‚serv‚s.
  CMakeCXXCompilerABI.cpp
  cl /c /Zi /W1 /WX- /diagnostics:column /Od /Ob0 /D WIN32 /D _WINDOWS /D "CMAKE_INTDIR=\"Debug\"" /D _MBCS /Gm- /EHsc /RTC1 /MDd /GS /fp:precise /Zc:wchar_t /Zc:forScope /Zc:inline /GR /Fo"cmTC_b722b.dir\Debug\\" /Fd"cmTC_b722b.dir\Debug\vc142.pdb" /Gd /TP /errorReport:queue "C:\Program Files\CMake\share\cmake-3.18\Modules\CMakeCXXCompilerABI.cpp"
  cmTC_b722b.vcxproj -> C:\Users\fmusi\sae\platformer\CMakeFiles\CMakeTmp\Debug\cmTC_b722b.exe



